<testsuites id="" name="" tests="12" failures="12" skipped="0" errors="0" time="80.689958">
<testsuite name="templates.spec.ts" timestamp="2026-01-19T01:06:02.199Z" hostname="chromium" tests="12" failures="12" skipped="0" time="237.658" errors="0">
<testcase name="Template Management › should display template management page" classname="templates.spec.ts" time="10.773">
<failure message="templates.spec.ts:88:7 should display template management page" type="FAILURE">
<![CDATA[  [chromium] › templates.spec.ts:88:7 › Template Management › should display template management page 

    Error: expect(locator).toBeVisible() failed

    Locator: getByRole('heading', { name: /templates/i })
    Expected: visible
    Timeout: 5000ms
    Error: element(s) not found

    Call log:
      - Expect "toBeVisible" with timeout 5000ms
      - waiting for getByRole('heading', { name: /templates/i })


      93 |
      94 |     // Verify page structure
    > 95 |     await expect(page.getByRole('heading', { name: /templates/i })).toBeVisible();
         |                                                                     ^
      96 |     await expect(page.getByRole('button', { name: /create template/i })).toBeVisible();
      97 |   });
      98 |
        at /Users/mac/workspace/iGreenProduct/igreen-front/e2e/templates.spec.ts:95:69

    attachment #1: screenshot (image/png) ──────────────────────────────────────────────────────────
    ../test-results/templates-Template-Managem-621f9-ay-template-management-page-chromium/test-failed-1.png
    ────────────────────────────────────────────────────────────────────────────────────────────────

    Error Context: ../test-results/templates-Template-Managem-621f9-ay-template-management-page-chromium/error-context.md
]]>
</failure>
<system-out>
<![CDATA[
[[ATTACHMENT|templates-Template-Managem-621f9-ay-template-management-page-chromium/test-failed-1.png]]

[[ATTACHMENT|templates-Template-Managem-621f9-ay-template-management-page-chromium/error-context.md]]
]]>
</system-out>
</testcase>
<testcase name="Template Management › should display templates list" classname="templates.spec.ts" time="9.995">
<failure message="templates.spec.ts:99:7 should display templates list" type="FAILURE">
<![CDATA[  [chromium] › templates.spec.ts:99:7 › Template Management › should display templates list ────────

    Error: expect(locator).toBeVisible() failed

    Locator: getByText('AC Maintenance')
    Expected: visible
    Timeout: 5000ms
    Error: element(s) not found

    Call log:
      - Expect "toBeVisible" with timeout 5000ms
      - waiting for getByText('AC Maintenance')


      104 |
      105 |     // Verify templates are displayed
    > 106 |     await expect(page.getByText('AC Maintenance')).toBeVisible();
          |                                                    ^
      107 |     await expect(page.getByText('Electrical Repair')).toBeVisible();
      108 |     await expect(page.getByText('Air conditioning maintenance template')).toBeVisible();
      109 |     await expect(page.getByText('Electrical repair template')).toBeVisible();
        at /Users/mac/workspace/iGreenProduct/igreen-front/e2e/templates.spec.ts:106:52

    attachment #1: screenshot (image/png) ──────────────────────────────────────────────────────────
    ../test-results/templates-Template-Management-should-display-templates-list-chromium/test-failed-1.png
    ────────────────────────────────────────────────────────────────────────────────────────────────

    Error Context: ../test-results/templates-Template-Management-should-display-templates-list-chromium/error-context.md
]]>
</failure>
<system-out>
<![CDATA[
[[ATTACHMENT|templates-Template-Management-should-display-templates-list-chromium/test-failed-1.png]]

[[ATTACHMENT|templates-Template-Management-should-display-templates-list-chromium/error-context.md]]
]]>
</system-out>
</testcase>
<testcase name="Template Management › should show template count" classname="templates.spec.ts" time="10.148">
<failure message="templates.spec.ts:112:7 should show template count" type="FAILURE">
<![CDATA[  [chromium] › templates.spec.ts:112:7 › Template Management › should show template count ──────────

    Error: expect(locator).toBeVisible() failed

    Locator: getByText(/2 templates/i)
    Expected: visible
    Timeout: 5000ms
    Error: element(s) not found

    Call log:
      - Expect "toBeVisible" with timeout 5000ms
      - waiting for getByText(/2 templates/i)


      117 |
      118 |     // Verify template count is displayed
    > 119 |     await expect(page.getByText(/2 templates/i)).toBeVisible();
          |                                                  ^
      120 |   });
      121 |
      122 |   test('should open create template dialog', async ({ page }) => {
        at /Users/mac/workspace/iGreenProduct/igreen-front/e2e/templates.spec.ts:119:50

    attachment #1: screenshot (image/png) ──────────────────────────────────────────────────────────
    ../test-results/templates-Template-Management-should-show-template-count-chromium/test-failed-1.png
    ────────────────────────────────────────────────────────────────────────────────────────────────

    Error Context: ../test-results/templates-Template-Management-should-show-template-count-chromium/error-context.md
]]>
</failure>
<system-out>
<![CDATA[
[[ATTACHMENT|templates-Template-Management-should-show-template-count-chromium/test-failed-1.png]]

[[ATTACHMENT|templates-Template-Management-should-show-template-count-chromium/error-context.md]]
]]>
</system-out>
</testcase>
<testcase name="Template Management › should open create template dialog" classname="templates.spec.ts" time="30.063">
<failure message="templates.spec.ts:122:7 should open create template dialog" type="FAILURE">
<![CDATA[  [chromium] › templates.spec.ts:122:7 › Template Management › should open create template dialog ──

    Test timeout of 30000ms exceeded.

    Error: locator.click: Test timeout of 30000ms exceeded.
    Call log:
      - waiting for getByRole('button', { name: /create template/i })


      127 |
      128 |     // Click create template button
    > 129 |     await page.getByRole('button', { name: /create template/i }).click();
          |                                                                  ^
      130 |
      131 |     // Verify dialog opens
      132 |     await expect(page.getByRole('dialog')).toBeVisible();
        at /Users/mac/workspace/iGreenProduct/igreen-front/e2e/templates.spec.ts:129:66

    attachment #1: screenshot (image/png) ──────────────────────────────────────────────────────────
    ../test-results/templates-Template-Managem-fdd54-open-create-template-dialog-chromium/test-failed-1.png
    ────────────────────────────────────────────────────────────────────────────────────────────────

    Error Context: ../test-results/templates-Template-Managem-fdd54-open-create-template-dialog-chromium/error-context.md
]]>
</failure>
<system-out>
<![CDATA[
[[ATTACHMENT|templates-Template-Managem-fdd54-open-create-template-dialog-chromium/test-failed-1.png]]

[[ATTACHMENT|templates-Template-Managem-fdd54-open-create-template-dialog-chromium/error-context.md]]
]]>
</system-out>
</testcase>
<testcase name="Template Management › should create new template with steps and fields" classname="templates.spec.ts" time="30.084">
<failure message="templates.spec.ts:149:7 should create new template with steps and fields" type="FAILURE">
<![CDATA[  [chromium] › templates.spec.ts:149:7 › Template Management › should create new template with steps and fields 

    Test timeout of 30000ms exceeded.

    Error: locator.click: Test timeout of 30000ms exceeded.
    Call log:
      - waiting for getByRole('button', { name: /create template/i })


      219 |
      220 |     // Click create template button
    > 221 |     await page.getByRole('button', { name: /create template/i }).click();
          |                                                                  ^
      222 |
      223 |     // Verify dialog opens
      224 |     await expect(page.getByRole('dialog')).toBeVisible();
        at /Users/mac/workspace/iGreenProduct/igreen-front/e2e/templates.spec.ts:221:66

    attachment #1: screenshot (image/png) ──────────────────────────────────────────────────────────
    ../test-results/templates-Template-Managem-61493-plate-with-steps-and-fields-chromium/test-failed-1.png
    ────────────────────────────────────────────────────────────────────────────────────────────────

    Error Context: ../test-results/templates-Template-Managem-61493-plate-with-steps-and-fields-chromium/error-context.md
]]>
</failure>
<system-out>
<![CDATA[
[[ATTACHMENT|templates-Template-Managem-61493-plate-with-steps-and-fields-chromium/test-failed-1.png]]

[[ATTACHMENT|templates-Template-Managem-61493-plate-with-steps-and-fields-chromium/error-context.md]]
]]>
</system-out>
</testcase>
<testcase name="Template Management › should edit existing template" classname="templates.spec.ts" time="30.076">
<failure message="templates.spec.ts:261:7 should edit existing template" type="FAILURE">
<![CDATA[  [chromium] › templates.spec.ts:261:7 › Template Management › should edit existing template ───────

    Test timeout of 30000ms exceeded.

    Error: locator.click: Test timeout of 30000ms exceeded.
    Call log:
      - waiting for getByText('AC Maintenance').locator('../..').locator('button').filter({ has: locator('svg.lucide-edit') })


      267 |     // Click edit button on AC Maintenance template
      268 |     const acTemplate = page.getByText('AC Maintenance').locator('../..');
    > 269 |     await acTemplate.locator('button').filter({ has: page.locator('svg.lucide-edit') }).click();
          |                                                                                         ^
      270 |
      271 |     // Verify dialog opens with edit title
      272 |     await expect(page.getByRole('dialog')).toBeVisible();
        at /Users/mac/workspace/iGreenProduct/igreen-front/e2e/templates.spec.ts:269:89

    attachment #1: screenshot (image/png) ──────────────────────────────────────────────────────────
    ../test-results/templates-Template-Management-should-edit-existing-template-chromium/test-failed-1.png
    ────────────────────────────────────────────────────────────────────────────────────────────────

    Error Context: ../test-results/templates-Template-Management-should-edit-existing-template-chromium/error-context.md
]]>
</failure>
<system-out>
<![CDATA[
[[ATTACHMENT|templates-Template-Management-should-edit-existing-template-chromium/test-failed-1.png]]

[[ATTACHMENT|templates-Template-Management-should-edit-existing-template-chromium/error-context.md]]
]]>
</system-out>
</testcase>
<testcase name="Template Management › should delete template with confirmation" classname="templates.spec.ts" time="30.082">
<failure message="templates.spec.ts:285:7 should delete template with confirmation" type="FAILURE">
<![CDATA[  [chromium] › templates.spec.ts:285:7 › Template Management › should delete template with confirmation 

    Test timeout of 30000ms exceeded.

    Error: locator.click: Test timeout of 30000ms exceeded.
    Call log:
      - waiting for getByText('AC Maintenance').locator('../..').locator('button').filter({ has: locator('svg.lucide-trash-2') })


      327 |     // Click delete button on AC Maintenance template
      328 |     const acTemplate = page.getByText('AC Maintenance').locator('../..');
    > 329 |     await acTemplate.locator('button').filter({ has: page.locator('svg.lucide-trash-2') }).click();
          |                                                                                            ^
      330 |
      331 |     // Verify confirmation dialog appears
      332 |     await expect(page.getByRole('alertdialog')).toBeVisible();
        at /Users/mac/workspace/iGreenProduct/igreen-front/e2e/templates.spec.ts:329:92

    attachment #1: screenshot (image/png) ──────────────────────────────────────────────────────────
    ../test-results/templates-Template-Managem-0a6aa--template-with-confirmation-chromium/test-failed-1.png
    ────────────────────────────────────────────────────────────────────────────────────────────────

    Error Context: ../test-results/templates-Template-Managem-0a6aa--template-with-confirmation-chromium/error-context.md
]]>
</failure>
<system-out>
<![CDATA[
[[ATTACHMENT|templates-Template-Managem-0a6aa--template-with-confirmation-chromium/test-failed-1.png]]

[[ATTACHMENT|templates-Template-Managem-0a6aa--template-with-confirmation-chromium/error-context.md]]
]]>
</system-out>
</testcase>
<testcase name="Template Management › should add multiple steps to template" classname="templates.spec.ts" time="30.089">
<failure message="templates.spec.ts:346:7 should add multiple steps to template" type="FAILURE">
<![CDATA[  [chromium] › templates.spec.ts:346:7 › Template Management › should add multiple steps to template 

    Test timeout of 30000ms exceeded.

    Error: locator.click: Test timeout of 30000ms exceeded.
    Call log:
      - waiting for getByRole('button', { name: /create template/i })


      351 |
      352 |     // Click create template button
    > 353 |     await page.getByRole('button', { name: /create template/i }).click();
          |                                                                  ^
      354 |
      355 |     // Verify dialog opens
      356 |     await expect(page.getByRole('dialog')).toBeVisible();
        at /Users/mac/workspace/iGreenProduct/igreen-front/e2e/templates.spec.ts:353:66

    attachment #1: screenshot (image/png) ──────────────────────────────────────────────────────────
    ../test-results/templates-Template-Managem-0ec81--multiple-steps-to-template-chromium/test-failed-1.png
    ────────────────────────────────────────────────────────────────────────────────────────────────

    Error Context: ../test-results/templates-Template-Managem-0ec81--multiple-steps-to-template-chromium/error-context.md
]]>
</failure>
<system-out>
<![CDATA[
[[ATTACHMENT|templates-Template-Managem-0ec81--multiple-steps-to-template-chromium/test-failed-1.png]]

[[ATTACHMENT|templates-Template-Managem-0ec81--multiple-steps-to-template-chromium/error-context.md]]
]]>
</system-out>
</testcase>
<testcase name="Template Management › should display step count on template cards" classname="templates.spec.ts" time="8.961">
<failure message="templates.spec.ts:384:7 should display step count on template cards" type="FAILURE">
<![CDATA[  [chromium] › templates.spec.ts:384:7 › Template Management › should display step count on template cards 

    Error: expect(locator).toBeVisible() failed

    Locator: getByText('AC Maintenance').locator('../..').locator('text=1')
    Expected: visible
    Timeout: 5000ms
    Error: element(s) not found

    Call log:
      - Expect "toBeVisible" with timeout 5000ms
      - waiting for getByText('AC Maintenance').locator('../..').locator('text=1')


      390 |     // AC Maintenance has 1 step (badge shows "1")
      391 |     const acTemplate = page.getByText('AC Maintenance').locator('../..');
    > 392 |     await expect(acTemplate.locator('text=1')).toBeVisible();
          |                                                ^
      393 |
      394 |     // Electrical Repair has 0 steps (badge shows "0")
      395 |     const erTemplate = page.getByText('Electrical Repair').locator('../..');
        at /Users/mac/workspace/iGreenProduct/igreen-front/e2e/templates.spec.ts:392:48

    attachment #1: screenshot (image/png) ──────────────────────────────────────────────────────────
    ../test-results/templates-Template-Managem-b9ec2-tep-count-on-template-cards-chromium/test-failed-1.png
    ────────────────────────────────────────────────────────────────────────────────────────────────

    Error Context: ../test-results/templates-Template-Managem-b9ec2-tep-count-on-template-cards-chromium/error-context.md
]]>
</failure>
<system-out>
<![CDATA[
[[ATTACHMENT|templates-Template-Managem-b9ec2-tep-count-on-template-cards-chromium/test-failed-1.png]]

[[ATTACHMENT|templates-Template-Managem-b9ec2-tep-count-on-template-cards-chromium/error-context.md]]
]]>
</system-out>
</testcase>
<testcase name="Template Management › should show empty state when no templates" classname="templates.spec.ts" time="8.93">
<failure message="templates.spec.ts:399:7 should show empty state when no templates" type="FAILURE">
<![CDATA[  [chromium] › templates.spec.ts:399:7 › Template Management › should show empty state when no templates 

    Error: expect(locator).toBeVisible() failed

    Locator: getByText(/0 templates/i)
    Expected: visible
    Timeout: 5000ms
    Error: element(s) not found

    Call log:
      - Expect "toBeVisible" with timeout 5000ms
      - waiting for getByText(/0 templates/i)


      418 |
      419 |     // Verify empty state
    > 420 |     await expect(page.getByText(/0 templates/i)).toBeVisible();
          |                                                  ^
      421 |   });
      422 |
      423 |   test('should switch between different field types', async ({ page }) => {
        at /Users/mac/workspace/iGreenProduct/igreen-front/e2e/templates.spec.ts:420:50

    attachment #1: screenshot (image/png) ──────────────────────────────────────────────────────────
    ../test-results/templates-Template-Managem-96684-pty-state-when-no-templates-chromium/test-failed-1.png
    ────────────────────────────────────────────────────────────────────────────────────────────────

    Error Context: ../test-results/templates-Template-Managem-96684-pty-state-when-no-templates-chromium/error-context.md
]]>
</failure>
<system-out>
<![CDATA[
[[ATTACHMENT|templates-Template-Managem-96684-pty-state-when-no-templates-chromium/test-failed-1.png]]

[[ATTACHMENT|templates-Template-Managem-96684-pty-state-when-no-templates-chromium/error-context.md]]
]]>
</system-out>
</testcase>
<testcase name="Template Management › should switch between different field types" classname="templates.spec.ts" time="30.058">
<failure message="templates.spec.ts:423:7 should switch between different field types" type="FAILURE">
<![CDATA[  [chromium] › templates.spec.ts:423:7 › Template Management › should switch between different field types 

    Test timeout of 30000ms exceeded.

    Error: locator.click: Test timeout of 30000ms exceeded.
    Call log:
      - waiting for getByRole('button', { name: /create template/i })


      428 |
      429 |     // Click create template button
    > 430 |     await page.getByRole('button', { name: /create template/i }).click();
          |                                                                  ^
      431 |
      432 |     // Verify dialog opens
      433 |     await expect(page.getByRole('dialog')).toBeVisible();
        at /Users/mac/workspace/iGreenProduct/igreen-front/e2e/templates.spec.ts:430:66

    attachment #1: screenshot (image/png) ──────────────────────────────────────────────────────────
    ../test-results/templates-Template-Managem-e16df-tween-different-field-types-chromium/test-failed-1.png
    ────────────────────────────────────────────────────────────────────────────────────────────────

    Error Context: ../test-results/templates-Template-Managem-e16df-tween-different-field-types-chromium/error-context.md
]]>
</failure>
<system-out>
<![CDATA[
[[ATTACHMENT|templates-Template-Managem-e16df-tween-different-field-types-chromium/test-failed-1.png]]

[[ATTACHMENT|templates-Template-Managem-e16df-tween-different-field-types-chromium/error-context.md]]
]]>
</system-out>
</testcase>
<testcase name="Template Management › should show step description and field details" classname="templates.spec.ts" time="8.399">
<failure message="templates.spec.ts:461:7 should show step description and field details" type="FAILURE">
<![CDATA[  [chromium] › templates.spec.ts:461:7 › Template Management › should show step description and field details 

    Error: expect(locator).toBeVisible() failed

    Locator: getByText('Air conditioning maintenance template')
    Expected: visible
    Timeout: 5000ms
    Error: element(s) not found

    Call log:
      - Expect "toBeVisible" with timeout 5000ms
      - waiting for getByText('Air conditioning maintenance template')


      466 |
      467 |     // Verify template descriptions are displayed
    > 468 |     await expect(page.getByText('Air conditioning maintenance template')).toBeVisible();
          |                                                                           ^
      469 |     await expect(page.getByText('Electrical repair template')).toBeVisible();
      470 |
      471 |     // Verify step names are displayed
        at /Users/mac/workspace/iGreenProduct/igreen-front/e2e/templates.spec.ts:468:75

    attachment #1: screenshot (image/png) ──────────────────────────────────────────────────────────
    ../test-results/templates-Template-Managem-dcb3d-scription-and-field-details-chromium/test-failed-1.png
    ────────────────────────────────────────────────────────────────────────────────────────────────

    Error Context: ../test-results/templates-Template-Managem-dcb3d-scription-and-field-details-chromium/error-context.md
]]>
</failure>
<system-out>
<![CDATA[
[[ATTACHMENT|templates-Template-Managem-dcb3d-scription-and-field-details-chromium/test-failed-1.png]]

[[ATTACHMENT|templates-Template-Managem-dcb3d-scription-and-field-details-chromium/error-context.md]]
]]>
</system-out>
</testcase>
</testsuite>
</testsuites>